<?xml version="1.0" encoding="UTF-8"?>
<!-- Generated by org.testng.reporters.JUnitReportReporter -->
<testsuite hostname="Yasasi-pc" failures="0" tests="1" name="yasasiproject.tests.ErrorValidations" time="7.646" errors="0" timestamp="2025-10-08T11:20:44 AEST" skipped="0">
  <testcase classname="yasasiproject.tests.ErrorValidations" name="submitOrder" time="7.646"/>
</testsuite> <!-- yasasiproject.tests.ErrorValidations -->
