<?xml version="1.0" encoding="UTF-8"?>
<!-- Generated by org.testng.reporters.JUnitReportReporter -->
<testsuite hostname="Yasasi-pc" failures="0" tests="1" name="cucumber.TestNGTestRunner" time="20.559" errors="0" timestamp="2025-10-23T23:26:05 AEST" skipped="0">
  <testcase classname="cucumber.TestNGTestRunner" name="runScenario" time="20.559"/>
</testsuite> <!-- cucumber.TestNGTestRunner -->
