<?xml version="1.0" encoding="UTF-8"?>
<!-- Generated by org.testng.reporters.JUnitReportReporter -->
<testsuite hostname="Yasasi-pc" failures="0" tests="2" name="yasasiproject.tests.ErrorValidationsTest" time="17.252" errors="0" timestamp="2025-10-20T16:57:58 AEST" skipped="0">
  <testcase classname="yasasiproject.tests.ErrorValidationsTest" name="LoginErrorValidation" time="5.991"/>
  <testcase classname="yasasiproject.tests.ErrorValidationsTest" name="ProductErrorValidation" time="11.261"/>
</testsuite> <!-- yasasiproject.tests.ErrorValidationsTest -->
