<?xml version="1.0" encoding="UTF-8"?>
<!-- Generated by org.testng.reporters.JUnitReportReporter -->
<testsuite hostname="Yasasi-pc" failures="0" tests="3" name="yasasiproject.tests.SubmitOrderTest" time="105.943" errors="0" timestamp="2025-10-20T16:57:58 AEST" skipped="0">
  <testcase classname="yasasiproject.tests.SubmitOrderTest" name="OrderHistoryTest" time="35.997"/>
  <testcase classname="yasasiproject.tests.SubmitOrderTest" name="submitOrder" time="36.142"/>
  <testcase classname="yasasiproject.tests.SubmitOrderTest" name="submitOrder" time="33.804"/>
</testsuite> <!-- yasasiproject.tests.SubmitOrderTest -->
