<?xml version="1.0" encoding="UTF-8"?>
<!-- Generated by org.testng.reporters.JUnitReportReporter -->
<testsuite hostname="Yasasi-pc" failures="0" tests="1" name="cucumber.TestNGTestRunner" time="14.040" errors="0" timestamp="2025-10-23T23:43:46 AEST" skipped="0">
  <testcase classname="cucumber.TestNGTestRunner" name="runScenario" time="14.040"/>
</testsuite> <!-- cucumber.TestNGTestRunner -->
